<?xml version="1.0" encoding="UTF-8"?>
<!-- Generated by org.testng.reporters.JUnitXMLReporter -->
<testsuite hostname="DESKTOP-AMOSNVQ" ignored="2" name="Default test" tests="1" failures="0" timestamp="2021-04-26T13:36:02 EDT" time="61.863" errors="0">
  <testcase name="hubspot_Login_with_form_Test" time="47.267" classname="blazemeter_tests.CSSSelector_class_Equal_value"/>
  <testcase name="hubspot_Login_with_google_Test" time="0.0" classname="blazemeter_tests.CSSSelector_class_Equal_value">
    <ignored/>
  </testcase> <!-- hubspot_Login_with_google_Test -->
  <testcase name="hubspot_Login_Negative_Test" time="0.0" classname="blazemeter_tests.CSSSelector_class_Equal_value">
    <ignored/>
  </testcase> <!-- hubspot_Login_Negative_Test -->
</testsuite> <!-- Default test -->
